# JRE version: OpenJDK Runtime Environment Temurin-17.0.19+10 (17.0.19+10) (build 17.0.19+10)
# Java VM: OpenJDK 64-Bit Server VM Temurin-17.0.19+10 (17.0.19+10, mixed mode, sharing, tiered, compressed oops, compressed class ptrs, g1 gc, windows-amd64)
GC Precious Log:
 CPUs: 8 total, 8 available
 Memory: 12022M
 Large Page Support: Disabled
 NUMA Support: Disabled
 Compressed Oops: Enabled (Zero based)
 Heap Region Size: 2M
 Heap Min Capacity: 8M
 Heap Initial Capacity: 188M
 Heap Max Capacity: 4G
 Pre-touch: Disabled
 Parallel Workers: 8
 Concurrent Workers: 2
 Concurrent Refinement Workers: 8
 Periodic GC: Disabled
Heap:
 garbage-first heap   total 249856K, used 167059K [0x0000000700000000, 0x0000000800000000)
  region size 2048K, 33 young (67584K), 1 survivors (2048K)
 Metaspace       used 80383K, committed 81280K, reserved 1179648K
  class space    used 11175K, committed 11584K, reserved 1048576K
GC Heap History (20 events):
Event: 21.373 GC heap before
{Heap before GC invocations=29 (full 0):
 garbage-first heap   total 112640K, used 83296K [0x0000000700000000, 0x0000000800000000)
  region size 2048K, 13 young (26624K), 2 survivors (4096K)
 Metaspace       used 63184K, committed 63808K, reserved 1114112K
  class space    used 8957K, committed 9280K, reserved 1048576K
}
Event: 21.379 GC heap after
{Heap after GC invocations=30 (full 0):
 garbage-first heap   total 112640K, used 64007K [0x0000000700000000, 0x0000000800000000)
  region size 2048K, 2 young (4096K), 2 survivors (4096K)
 Metaspace       used 63184K, committed 63808K, reserved 1114112K
  class space    used 8957K, committed 9280K, reserved 1048576K
}
Event: 21.701 GC heap before
{Heap before GC invocations=30 (full 0):
 garbage-first heap   total 112640K, used 90631K [0x0000000700000000, 0x0000000800000000)
  region size 2048K, 15 young (30720K), 2 survivors (4096K)
 Metaspace       used 64593K, committed 65216K, reserved 1114112K
  class space    used 9153K, committed 9472K, reserved 1048576K
}
Event: 21.707 GC heap after
{Heap after GC invocations=31 (full 0):
 garbage-first heap   total 112640K, used 66030K [0x0000000700000000, 0x0000000800000000)
  region size 2048K, 1 young (2048K), 1 survivors (2048K)
 Metaspace       used 64593K, committed 65216K, reserved 1114112K
  class space    used 9153K, committed 9472K, reserved 1048576K
}
Event: 22.093 GC heap before
{Heap before GC invocations=32 (full 0):
 garbage-first heap   total 122880K, used 90606K [0x0000000700000000, 0x0000000800000000)
  region size 2048K, 13 young (26624K), 1 survivors (2048K)
 Metaspace       used 66491K, committed 67200K, reserved 1114112K
  class space    used 9435K, committed 9792K, reserved 1048576K
}
Event: 22.098 GC heap after
{Heap after GC invocations=33 (full 0):
 garbage-first heap   total 147456K, used 67627K [0x0000000700000000, 0x0000000800000000)
  region size 2048K, 2 young (4096K), 2 survivors (4096K)
 Metaspace       used 66491K, committed 67200K, reserved 1114112K
  class space    used 9435K, committed 9792K, reserved 1048576K
}
Event: 23.077 GC heap before
{Heap before GC invocations=33 (full 0):
 garbage-first heap   total 147456K, used 112683K [0x0000000700000000, 0x0000000800000000)
  region size 2048K, 25 young (51200K), 2 survivors (4096K)
 Metaspace       used 69074K, committed 69824K, reserved 1114112K
  class space    used 9886K, committed 10240K, reserved 1048576K
}
Event: 23.089 GC heap after
{Heap after GC invocations=34 (full 0):
 garbage-first heap   total 147456K, used 73397K [0x0000000700000000, 0x0000000800000000)
  region size 2048K, 4 young (8192K), 4 survivors (8192K)
 Metaspace       used 69074K, committed 69824K, reserved 1114112K
  class space    used 9886K, committed 10240K, reserved 1048576K
}
Event: 23.738 GC heap before
{Heap before GC invocations=34 (full 0):
 garbage-first heap   total 147456K, used 114357K [0x0000000700000000, 0x0000000800000000)
  region size 2048K, 25 young (51200K), 4 survivors (8192K)
 Metaspace       used 69593K, committed 70272K, reserved 1114112K
  class space    used 9906K, committed 10240K, reserved 1048576K
}
Event: 23.750 GC heap after
{Heap after GC invocations=35 (full 0):
 garbage-first heap   total 147456K, used 77614K [0x0000000700000000, 0x0000000800000000)
  region size 2048K, 3 young (6144K), 3 survivors (6144K)
 Metaspace       used 69593K, committed 70272K, reserved 1114112K
  class space    used 9906K, committed 10240K, reserved 1048576K
}
Event: 23.937 GC heap before
{Heap before GC invocations=35 (full 0):
 garbage-first heap   total 147456K, used 114478K [0x0000000700000000, 0x0000000800000000)
  region size 2048K, 21 young (43008K), 3 survivors (6144K)
 Metaspace       used 69695K, committed 70400K, reserved 1114112K
  class space    used 9908K, committed 10240K, reserved 1048576K
}
Event: 23.945 GC heap after
{Heap after GC invocations=36 (full 0):
 garbage-first heap   total 147456K, used 79236K [0x0000000700000000, 0x0000000800000000)
  region size 2048K, 2 young (4096K), 2 survivors (4096K)
 Metaspace       used 69695K, committed 70400K, reserved 1114112K
  class space    used 9908K, committed 10240K, reserved 1048576K
}
Event: 24.142 GC heap before
{Heap before GC invocations=37 (full 0):
 garbage-first heap   total 167936K, used 118148K [0x0000000700000000, 0x0000000800000000)
  region size 2048K, 21 young (43008K), 2 survivors (4096K)
 Metaspace       used 69736K, committed 70464K, reserved 1114112K
  class space    used 9909K, committed 10240K, reserved 1048576K
}
Event: 24.147 GC heap after
{Heap after GC invocations=38 (full 0):
 garbage-first heap   total 167936K, used 79913K [0x0000000700000000, 0x0000000800000000)
  region size 2048K, 3 young (6144K), 3 survivors (6144K)
 Metaspace       used 69736K, committed 70464K, reserved 1114112K
  class space    used 9909K, committed 10240K, reserved 1048576K
}
Event: 24.338 GC heap before
{Heap before GC invocations=38 (full 0):
 garbage-first heap   total 167936K, used 129065K [0x0000000700000000, 0x0000000800000000)
  region size 2048K, 28 young (57344K), 3 survivors (6144K)
 Metaspace       used 69739K, committed 70464K, reserved 1114112K
  class space    used 9909K, committed 10240K, reserved 1048576K
}
Event: 24.345 GC heap after
{Heap after GC invocations=39 (full 0):
 garbage-first heap   total 249856K, used 81161K [0x0000000700000000, 0x0000000800000000)
  region size 2048K, 3 young (6144K), 3 survivors (6144K)
 Metaspace       used 69739K, committed 70464K, reserved 1114112K
  class space    used 9909K, committed 10240K, reserved 1048576K
}
Event: 26.009 GC heap before
{Heap before GC invocations=40 (full 0):
 garbage-first heap   total 249856K, used 197897K [0x0000000700000000, 0x0000000800000000)
  region size 2048K, 59 young (120832K), 3 survivors (6144K)
 Metaspace       used 75646K, committed 76416K, reserved 1179648K
  class space    used 10585K, committed 10944K, reserved 1048576K
}
Event: 26.021 GC heap after
{Heap after GC invocations=41 (full 0):
 garbage-first heap   total 249856K, used 102651K [0x0000000700000000, 0x0000000800000000)
  region size 2048K, 8 young (16384K), 8 survivors (16384K)
 Metaspace       used 75646K, committed 76416K, reserved 1179648K
  class space    used 10585K, committed 10944K, reserved 1048576K
}
Event: 26.050 GC heap before
{Heap before GC invocations=41 (full 0):
 garbage-first heap   total 249856K, used 104699K [0x0000000700000000, 0x0000000800000000)
  region size 2048K, 9 young (18432K), 8 survivors (16384K)
 Metaspace       used 75822K, committed 76544K, reserved 1179648K
  class space    used 10607K, committed 10944K, reserved 1048576K
}
Event: 26.063 GC heap after
{Heap after GC invocations=42 (full 0):
 garbage-first heap   total 249856K, used 103571K [0x0000000700000000, 0x0000000800000000)
  region size 2048K, 1 young (2048K), 1 survivors (2048K)
 Metaspace       used 75822K, committed 76544K, reserved 1179648K
  class space    used 10607K, committed 10944K, reserved 1048576K
}

