# JRE version: OpenJDK Runtime Environment Temurin-17.0.19+10 (17.0.19+10) (build 17.0.19+10)
# Java VM: OpenJDK 64-Bit Server VM Temurin-17.0.19+10 (17.0.19+10, mixed mode, sharing, tiered, compressed oops, compressed class ptrs, g1 gc, windows-amd64)
GC Precious Log:
 CPUs: 8 total, 8 available
 Memory: 12022M
 Large Page Support: Disabled
 NUMA Support: Disabled
 Compressed Oops: Enabled (Zero based)
 Heap Region Size: 2M
 Heap Min Capacity: 8M
 Heap Initial Capacity: 188M
 Heap Max Capacity: 4G
 Pre-touch: Disabled
 Parallel Workers: 8
 Concurrent Workers: 2
 Concurrent Refinement Workers: 8
 Periodic GC: Disabled
Heap:
 garbage-first heap   total 196608K, used 129399K [0x0000000700000000, 0x0000000800000000)
  region size 2048K, 18 young (36864K), 1 survivors (2048K)
 Metaspace       used 76773K, committed 77504K, reserved 1179648K
  class space    used 10783K, committed 11136K, reserved 1048576K
GC Heap History (20 events):
Event: 13.848 GC heap before
{Heap before GC invocations=20 (full 0):
 garbage-first heap   total 137216K, used 115419K [0x0000000700000000, 0x0000000800000000)
  region size 2048K, 31 young (63488K), 3 survivors (6144K)
 Metaspace       used 61231K, committed 61888K, reserved 1114112K
  class space    used 8751K, committed 9088K, reserved 1048576K
}
Event: 13.858 GC heap after
{Heap after GC invocations=21 (full 0):
 garbage-first heap   total 137216K, used 62741K [0x0000000700000000, 0x0000000800000000)
  region size 2048K, 4 young (8192K), 4 survivors (8192K)
 Metaspace       used 61231K, committed 61888K, reserved 1114112K
  class space    used 8751K, committed 9088K, reserved 1048576K
}
Event: 14.751 GC heap before
{Heap before GC invocations=21 (full 0):
 garbage-first heap   total 137216K, used 109845K [0x0000000700000000, 0x0000000800000000)
  region size 2048K, 27 young (55296K), 4 survivors (8192K)
 Metaspace       used 64031K, committed 64704K, reserved 1114112K
  class space    used 9152K, committed 9472K, reserved 1048576K
}
Event: 14.761 GC heap after
{Heap after GC invocations=22 (full 0):
 garbage-first heap   total 137216K, used 65323K [0x0000000700000000, 0x0000000800000000)
  region size 2048K, 3 young (6144K), 3 survivors (6144K)
 Metaspace       used 64031K, committed 64704K, reserved 1114112K
  class space    used 9152K, committed 9472K, reserved 1048576K
}
Event: 15.585 GC heap before
{Heap before GC invocations=22 (full 0):
 garbage-first heap   total 137216K, used 106283K [0x0000000700000000, 0x0000000800000000)
  region size 2048K, 24 young (49152K), 3 survivors (6144K)
 Metaspace       used 66516K, committed 67200K, reserved 1114112K
  class space    used 9588K, committed 9920K, reserved 1048576K
}
Event: 15.596 GC heap after
{Heap after GC invocations=23 (full 0):
 garbage-first heap   total 137216K, used 68522K [0x0000000700000000, 0x0000000800000000)
  region size 2048K, 3 young (6144K), 3 survivors (6144K)
 Metaspace       used 66516K, committed 67200K, reserved 1114112K
  class space    used 9588K, committed 9920K, reserved 1048576K
}
Event: 16.254 GC heap before
{Heap before GC invocations=23 (full 0):
 garbage-first heap   total 137216K, used 109482K [0x0000000700000000, 0x0000000800000000)
  region size 2048K, 23 young (47104K), 3 survivors (6144K)
 Metaspace       used 67382K, committed 68032K, reserved 1114112K
  class space    used 9687K, committed 9984K, reserved 1048576K
}
Event: 16.265 GC heap after
{Heap after GC invocations=24 (full 0):
 garbage-first heap   total 137216K, used 72110K [0x0000000700000000, 0x0000000800000000)
  region size 2048K, 3 young (6144K), 3 survivors (6144K)
 Metaspace       used 67382K, committed 68032K, reserved 1114112K
  class space    used 9687K, committed 9984K, reserved 1048576K
}
Event: 16.464 GC heap before
{Heap before GC invocations=24 (full 0):
 garbage-first heap   total 137216K, used 106926K [0x0000000700000000, 0x0000000800000000)
  region size 2048K, 21 young (43008K), 3 survivors (6144K)
 Metaspace       used 67550K, committed 68224K, reserved 1114112K
  class space    used 9689K, committed 9984K, reserved 1048576K
}
Event: 16.472 GC heap after
{Heap after GC invocations=25 (full 0):
 garbage-first heap   total 196608K, used 73597K [0x0000000700000000, 0x0000000800000000)
  region size 2048K, 2 young (4096K), 2 survivors (4096K)
 Metaspace       used 67550K, committed 68224K, reserved 1114112K
  class space    used 9689K, committed 9984K, reserved 1048576K
}
Event: 16.832 GC heap before
{Heap before GC invocations=25 (full 0):
 garbage-first heap   total 196608K, used 155517K [0x0000000700000000, 0x0000000800000000)
  region size 2048K, 42 young (86016K), 2 survivors (4096K)
 Metaspace       used 67650K, committed 68288K, reserved 1114112K
  class space    used 9690K, committed 9984K, reserved 1048576K
}
Event: 16.841 GC heap after
{Heap after GC invocations=26 (full 0):
 garbage-first heap   total 196608K, used 75288K [0x0000000700000000, 0x0000000800000000)
  region size 2048K, 3 young (6144K), 3 survivors (6144K)
 Metaspace       used 67650K, committed 68288K, reserved 1114112K
  class space    used 9690K, committed 9984K, reserved 1048576K
}
Event: 18.155 GC heap before
{Heap before GC invocations=26 (full 0):
 garbage-first heap   total 196608K, used 159256K [0x0000000700000000, 0x0000000800000000)
  region size 2048K, 43 young (88064K), 3 survivors (6144K)
 Metaspace       used 69745K, committed 70464K, reserved 1114112K
  class space    used 9951K, committed 10304K, reserved 1048576K
}
Event: 18.164 GC heap after
{Heap after GC invocations=27 (full 0):
 garbage-first heap   total 196608K, used 92962K [0x0000000700000000, 0x0000000800000000)
  region size 2048K, 6 young (12288K), 6 survivors (12288K)
 Metaspace       used 69745K, committed 70464K, reserved 1114112K
  class space    used 9951K, committed 10304K, reserved 1048576K
}
Event: 18.283 GC heap before
{Heap before GC invocations=27 (full 0):
 garbage-first heap   total 196608K, used 101154K [0x0000000700000000, 0x0000000800000000)
  region size 2048K, 11 young (22528K), 6 survivors (12288K)
 Metaspace       used 70264K, committed 70976K, reserved 1114112K
  class space    used 10018K, committed 10368K, reserved 1048576K
}
Event: 18.290 GC heap after
{Heap after GC invocations=28 (full 0):
 garbage-first heap   total 196608K, used 96716K [0x0000000700000000, 0x0000000800000000)
  region size 2048K, 1 young (2048K), 1 survivors (2048K)
 Metaspace       used 70264K, committed 70976K, reserved 1114112K
  class space    used 10018K, committed 10368K, reserved 1048576K
}
Event: 19.103 GC heap before
{Heap before GC invocations=29 (full 0):
 garbage-first heap   total 196608K, used 141772K [0x0000000700000000, 0x0000000800000000)
  region size 2048K, 24 young (49152K), 1 survivors (2048K)
 Metaspace       used 74142K, committed 74880K, reserved 1114112K
  class space    used 10476K, committed 10816K, reserved 1048576K
}
Event: 19.107 GC heap after
{Heap after GC invocations=30 (full 0):
 garbage-first heap   total 196608K, used 98407K [0x0000000700000000, 0x0000000800000000)
  region size 2048K, 2 young (4096K), 2 survivors (4096K)
 Metaspace       used 74142K, committed 74880K, reserved 1114112K
  class space    used 10476K, committed 10816K, reserved 1048576K
}
Event: 19.228 GC heap before
{Heap before GC invocations=30 (full 0):
 garbage-first heap   total 196608K, used 100455K [0x0000000700000000, 0x0000000800000000)
  region size 2048K, 4 young (8192K), 2 survivors (4096K)
 Metaspace       used 75380K, committed 76096K, reserved 1114112K
  class space    used 10597K, committed 10944K, reserved 1048576K
}
Event: 19.233 GC heap after
{Heap after GC invocations=31 (full 0):
 garbage-first heap   total 196608K, used 98679K [0x0000000700000000, 0x0000000800000000)
  region size 2048K, 1 young (2048K), 1 survivors (2048K)
 Metaspace       used 75380K, committed 76096K, reserved 1114112K
  class space    used 10597K, committed 10944K, reserved 1048576K
}

