# JRE version: OpenJDK Runtime Environment Temurin-17.0.19+10 (17.0.19+10) (build 17.0.19+10)
# Java VM: OpenJDK 64-Bit Server VM Temurin-17.0.19+10 (17.0.19+10, mixed mode, sharing, tiered, compressed oops, compressed class ptrs, g1 gc, windows-amd64)
GC Precious Log:
 CPUs: 8 total, 8 available
 Memory: 12022M
 Large Page Support: Disabled
 NUMA Support: Disabled
 Compressed Oops: Enabled (Zero based)
 Heap Region Size: 2M
 Heap Min Capacity: 8M
 Heap Initial Capacity: 188M
 Heap Max Capacity: 4G
 Pre-touch: Disabled
 Parallel Workers: 8
 Concurrent Workers: 2
 Concurrent Refinement Workers: 8
 Periodic GC: Disabled
Heap:
 garbage-first heap   total 192512K, used 87444K [0x0000000700000000, 0x0000000800000000)
  region size 2048K, 2 young (4096K), 2 survivors (4096K)
 Metaspace       used 72893K, committed 73792K, reserved 1114112K
  class space    used 10317K, committed 10752K, reserved 1048576K
GC Heap History (20 events):
Event: 22.332 GC heap after
{Heap after GC invocations=28 (full 0):
 garbage-first heap   total 120832K, used 70048K [0x0000000700000000, 0x0000000800000000)
  region size 2048K, 2 young (4096K), 2 survivors (4096K)
 Metaspace       used 68666K, committed 69440K, reserved 1114112K
  class space    used 9823K, committed 10176K, reserved 1048576K
}
Event: 23.961 GC heap before
{Heap before GC invocations=29 (full 0):
 garbage-first heap   total 122880K, used 98720K [0x0000000700000000, 0x0000000800000000)
  region size 2048K, 16 young (32768K), 2 survivors (4096K)
 Metaspace       used 70463K, committed 71232K, reserved 1114112K
  class space    used 10084K, committed 10496K, reserved 1048576K
}
Event: 23.970 GC heap after
{Heap after GC invocations=30 (full 0):
 garbage-first heap   total 147456K, used 73551K [0x0000000700000000, 0x0000000800000000)
  region size 2048K, 2 young (4096K), 2 survivors (4096K)
 Metaspace       used 70463K, committed 71232K, reserved 1114112K
  class space    used 10084K, committed 10496K, reserved 1048576K
}
Event: 25.003 GC heap before
{Heap before GC invocations=30 (full 0):
 garbage-first heap   total 147456K, used 112463K [0x0000000700000000, 0x0000000800000000)
  region size 2048K, 22 young (45056K), 2 survivors (4096K)
 Metaspace       used 71043K, committed 71808K, reserved 1114112K
  class space    used 10110K, committed 10496K, reserved 1048576K
}
Event: 25.010 GC heap after
{Heap after GC invocations=31 (full 0):
 garbage-first heap   total 147456K, used 76877K [0x0000000700000000, 0x0000000800000000)
  region size 2048K, 3 young (6144K), 3 survivors (6144K)
 Metaspace       used 71043K, committed 71808K, reserved 1114112K
  class space    used 10110K, committed 10496K, reserved 1048576K
}
Event: 32.412 GC heap before
{Heap before GC invocations=32 (full 0):
 garbage-first heap   total 147456K, used 113741K [0x0000000700000000, 0x0000000800000000)
  region size 2048K, 22 young (45056K), 3 survivors (6144K)
 Metaspace       used 72132K, committed 72960K, reserved 1114112K
  class space    used 10276K, committed 10688K, reserved 1048576K
}
Event: 32.419 GC heap after
{Heap after GC invocations=33 (full 0):
 garbage-first heap   total 147456K, used 80041K [0x0000000700000000, 0x0000000800000000)
  region size 2048K, 3 young (6144K), 3 survivors (6144K)
 Metaspace       used 72132K, committed 72960K, reserved 1114112K
  class space    used 10276K, committed 10688K, reserved 1048576K
}
Event: 32.709 GC heap before
{Heap before GC invocations=33 (full 0):
 garbage-first heap   total 147456K, used 114857K [0x0000000700000000, 0x0000000800000000)
  region size 2048K, 20 young (40960K), 3 survivors (6144K)
 Metaspace       used 72338K, committed 73152K, reserved 1114112K
  class space    used 10285K, committed 10688K, reserved 1048576K
}
Event: 32.714 GC heap after
{Heap after GC invocations=34 (full 0):
 garbage-first heap   total 147456K, used 81965K [0x0000000700000000, 0x0000000800000000)
  region size 2048K, 2 young (4096K), 2 survivors (4096K)
 Metaspace       used 72338K, committed 73152K, reserved 1114112K
  class space    used 10285K, committed 10688K, reserved 1048576K
}
Event: 33.385 GC heap before
{Heap before GC invocations=35 (full 0):
 garbage-first heap   total 157696K, used 116781K [0x0000000700000000, 0x0000000800000000)
  region size 2048K, 19 young (38912K), 2 survivors (4096K)
 Metaspace       used 72752K, committed 73664K, reserved 1114112K
  class space    used 10299K, committed 10752K, reserved 1048576K
}
Event: 33.392 GC heap after
{Heap after GC invocations=36 (full 0):
 garbage-first heap   total 157696K, used 86524K [0x0000000700000000, 0x0000000800000000)
  region size 2048K, 3 young (6144K), 3 survivors (6144K)
 Metaspace       used 72752K, committed 73664K, reserved 1114112K
  class space    used 10299K, committed 10752K, reserved 1048576K
}
Event: 33.406 GC heap before
{Heap before GC invocations=36 (full 0):
 garbage-first heap   total 157696K, used 88572K [0x0000000700000000, 0x0000000800000000)
  region size 2048K, 4 young (8192K), 3 survivors (6144K)
 Metaspace       used 72758K, committed 73664K, reserved 1114112K
  class space    used 10299K, committed 10752K, reserved 1048576K
}
Event: 33.413 GC heap after
{Heap after GC invocations=37 (full 0):
 garbage-first heap   total 157696K, used 86607K [0x0000000700000000, 0x0000000800000000)
  region size 2048K, 1 young (2048K), 1 survivors (2048K)
 Metaspace       used 72758K, committed 73664K, reserved 1114112K
  class space    used 10299K, committed 10752K, reserved 1048576K
}
Event: 33.615 GC heap before
{Heap before GC invocations=37 (full 0):
 garbage-first heap   total 157696K, used 123471K [0x0000000700000000, 0x0000000800000000)
  region size 2048K, 20 young (40960K), 1 survivors (2048K)
 Metaspace       used 72797K, committed 73664K, reserved 1114112K
  class space    used 10300K, committed 10752K, reserved 1048576K
}
Event: 33.620 GC heap after
{Heap after GC invocations=38 (full 0):
 garbage-first heap   total 157696K, used 88586K [0x0000000700000000, 0x0000000800000000)
  region size 2048K, 2 young (4096K), 2 survivors (4096K)
 Metaspace       used 72797K, committed 73664K, reserved 1114112K
  class space    used 10300K, committed 10752K, reserved 1048576K
}
Event: 33.830 GC heap before
{Heap before GC invocations=39 (full 0):
 garbage-first heap   total 188416K, used 125450K [0x0000000700000000, 0x0000000800000000)
  region size 2048K, 21 young (43008K), 2 survivors (4096K)
 Metaspace       used 72800K, committed 73664K, reserved 1114112K
  class space    used 10300K, committed 10752K, reserved 1048576K
}
Event: 33.836 GC heap after
{Heap after GC invocations=40 (full 0):
 garbage-first heap   total 188416K, used 89792K [0x0000000700000000, 0x0000000800000000)
  region size 2048K, 3 young (6144K), 3 survivors (6144K)
 Metaspace       used 72800K, committed 73664K, reserved 1114112K
  class space    used 10300K, committed 10752K, reserved 1048576K
}
Event: 33.843 GC heap before
{Heap before GC invocations=40 (full 0):
 garbage-first heap   total 188416K, used 91840K [0x0000000700000000, 0x0000000800000000)
  region size 2048K, 4 young (8192K), 3 survivors (6144K)
 Metaspace       used 72800K, committed 73664K, reserved 1114112K
  class space    used 10300K, committed 10752K, reserved 1048576K
}
Event: 33.851 GC heap after
{Heap after GC invocations=41 (full 0):
 garbage-first heap   total 188416K, used 84902K [0x0000000700000000, 0x0000000800000000)
  region size 2048K, 1 young (2048K), 1 survivors (2048K)
 Metaspace       used 72800K, committed 73664K, reserved 1114112K
  class space    used 10300K, committed 10752K, reserved 1048576K
}
Event: 34.165 GC heap before
{Heap before GC invocations=41 (full 0):
 garbage-first heap   total 188416K, used 148390K [0x0000000700000000, 0x0000000800000000)
  region size 2048K, 32 young (65536K), 1 survivors (2048K)
 Metaspace       used 72893K, committed 73792K, reserved 1114112K
  class space    used 10317K, committed 10752K, reserved 1048576K
}

