# JRE version: OpenJDK Runtime Environment Temurin-21.0.11+10 (21.0.11+10) (build 21.0.11+10-LTS)
# Java VM: OpenJDK 64-Bit Server VM Temurin-21.0.11+10 (21.0.11+10-LTS, mixed mode, sharing, tiered, compressed oops, compressed class ptrs, parallel gc, windows-amd64)
GC Precious Log:
 CardTable entry size: 512
 CPUs: 8 total, 8 available
 Memory: 12022M
 Large Page Support: Disabled
 NUMA Support: Disabled
 Compressed Oops: Enabled (32-bit)
 Alignments: Space 512K, Generation 512K, Heap 2M
 Heap Min Capacity: 100M
 Heap Initial Capacity: 100M
 Heap Max Capacity: 2G
 Pre-touch: Disabled
 Parallel Workers: 8
Heap:
 PSYoungGen      total 11776K, used 4943K [0x00000000d5580000, 0x00000000d6680000, 0x0000000100000000)
  eden space 11264K, 41% used [0x00000000d5580000,0x00000000d5a0bdd8,0x00000000d6080000)
  from space 512K, 56% used [0x00000000d6600000,0x00000000d6648000,0x00000000d6680000)
  to   space 2048K, 0% used [0x00000000d6280000,0x00000000d6280000,0x00000000d6480000)
 ParOldGen       total 102400K, used 102121K [0x0000000080000000, 0x0000000086400000, 0x00000000d5580000)
  object space 102400K, 99% used [0x0000000080000000,0x00000000863ba768,0x0000000086400000)
 Metaspace       used 75678K, committed 77376K, reserved 1179648K
  class space    used 8801K, committed 9600K, reserved 1048576K
GC Heap History (20 events):
Event: 55.270 GC heap before
{Heap before GC invocations=102 (full 3):
 PSYoungGen      total 12288K, used 12049K [0x00000000d5580000, 0x00000000d6280000, 0x0000000100000000)
  eden space 11264K, 100% used [0x00000000d5580000,0x00000000d6080000,0x00000000d6080000)
  from space 1024K, 76% used [0x00000000d6180000,0x00000000d6244608,0x00000000d6280000)
  to   space 1024K, 0% used [0x00000000d6080000,0x00000000d6080000,0x00000000d6180000)
 ParOldGen       total 93696K, used 93468K [0x0000000080000000, 0x0000000085b80000, 0x00000000d5580000)
  object space 93696K, 99% used [0x0000000080000000,0x0000000085b47138,0x0000000085b80000)
 Metaspace       used 69775K, committed 71360K, reserved 1114112K
  class space    used 8131K, committed 8832K, reserved 1048576K
}
Event: 56.282 GC heap after
{Heap after GC invocations=102 (full 3):
 PSYoungGen      total 12288K, used 1021K [0x00000000d5580000, 0x00000000d6480000, 0x0000000100000000)
  eden space 11264K, 0% used [0x00000000d5580000,0x00000000d5580000,0x00000000d6080000)
  from space 1024K, 99% used [0x00000000d6080000,0x00000000d617f688,0x00000000d6180000)
  to   space 2048K, 0% used [0x00000000d6280000,0x00000000d6280000,0x00000000d6480000)
 ParOldGen       total 94720K, used 94297K [0x0000000080000000, 0x0000000085c80000, 0x00000000d5580000)
  object space 94720K, 99% used [0x0000000080000000,0x0000000085c16708,0x0000000085c80000)
 Metaspace       used 69775K, committed 71360K, reserved 1114112K
  class space    used 8131K, committed 8832K, reserved 1048576K
}
Event: 56.304 GC heap before
{Heap before GC invocations=103 (full 3):
 PSYoungGen      total 12288K, used 12285K [0x00000000d5580000, 0x00000000d6480000, 0x0000000100000000)
  eden space 11264K, 100% used [0x00000000d5580000,0x00000000d6080000,0x00000000d6080000)
  from space 1024K, 99% used [0x00000000d6080000,0x00000000d617f688,0x00000000d6180000)
  to   space 2048K, 0% used [0x00000000d6280000,0x00000000d6280000,0x00000000d6480000)
 ParOldGen       total 94720K, used 94297K [0x0000000080000000, 0x0000000085c80000, 0x00000000d5580000)
  object space 94720K, 99% used [0x0000000080000000,0x0000000085c16708,0x0000000085c80000)
 Metaspace       used 69827K, committed 71488K, reserved 1114112K
  class space    used 8138K, committed 8832K, reserved 1048576K
}
Event: 56.306 GC heap after
{Heap after GC invocations=103 (full 3):
 PSYoungGen      total 12800K, used 1104K [0x00000000d5580000, 0x00000000d6400000, 0x0000000100000000)
  eden space 11264K, 0% used [0x00000000d5580000,0x00000000d5580000,0x00000000d6080000)
  from space 1536K, 71% used [0x00000000d6280000,0x00000000d6394010,0x00000000d6400000)
  to   space 1536K, 0% used [0x00000000d6100000,0x00000000d6100000,0x00000000d6280000)
 ParOldGen       total 95744K, used 95334K [0x0000000080000000, 0x0000000085d80000, 0x00000000d5580000)
  object space 95744K, 99% used [0x0000000080000000,0x0000000085d19960,0x0000000085d80000)
 Metaspace       used 69827K, committed 71488K, reserved 1114112K
  class space    used 8138K, committed 8832K, reserved 1048576K
}
Event: 56.386 GC heap before
{Heap before GC invocations=104 (full 3):
 PSYoungGen      total 12800K, used 12368K [0x00000000d5580000, 0x00000000d6400000, 0x0000000100000000)
  eden space 11264K, 100% used [0x00000000d5580000,0x00000000d6080000,0x00000000d6080000)
  from space 1536K, 71% used [0x00000000d6280000,0x00000000d6394010,0x00000000d6400000)
  to   space 1536K, 0% used [0x00000000d6100000,0x00000000d6100000,0x00000000d6280000)
 ParOldGen       total 95744K, used 95334K [0x0000000080000000, 0x0000000085d80000, 0x00000000d5580000)
  object space 95744K, 99% used [0x0000000080000000,0x0000000085d19978,0x0000000085d80000)
 Metaspace       used 71232K, committed 72896K, reserved 1114112K
  class space    used 8277K, committed 9024K, reserved 1048576K
}
Event: 56.388 GC heap after
{Heap after GC invocations=104 (full 3):
 PSYoungGen      total 12288K, used 832K [0x00000000d5580000, 0x00000000d6300000, 0x0000000100000000)
  eden space 11264K, 0% used [0x00000000d5580000,0x00000000d5580000,0x00000000d6080000)
  from space 1024K, 81% used [0x00000000d6100000,0x00000000d61d0010,0x00000000d6200000)
  to   space 1024K, 0% used [0x00000000d6200000,0x00000000d6200000,0x00000000d6300000)
 ParOldGen       total 96256K, used 96190K [0x0000000080000000, 0x0000000085e00000, 0x00000000d5580000)
  object space 96256K, 99% used [0x0000000080000000,0x0000000085def978,0x0000000085e00000)
 Metaspace       used 71232K, committed 72896K, reserved 1114112K
  class space    used 8277K, committed 9024K, reserved 1048576K
}
Event: 56.575 GC heap before
{Heap before GC invocations=105 (full 3):
 PSYoungGen      total 12288K, used 12096K [0x00000000d5580000, 0x00000000d6300000, 0x0000000100000000)
  eden space 11264K, 100% used [0x00000000d5580000,0x00000000d6080000,0x00000000d6080000)
  from space 1024K, 81% used [0x00000000d6100000,0x00000000d61d0010,0x00000000d6200000)
  to   space 1024K, 0% used [0x00000000d6200000,0x00000000d6200000,0x00000000d6300000)
 ParOldGen       total 96768K, used 96256K [0x0000000080000000, 0x0000000085e80000, 0x00000000d5580000)
  object space 96768K, 99% used [0x0000000080000000,0x0000000085e001e8,0x0000000085e80000)
 Metaspace       used 72373K, committed 73984K, reserved 1114112K
  class space    used 8438K, committed 9152K, reserved 1048576K
}
Event: 56.577 GC heap after
{Heap after GC invocations=105 (full 3):
 PSYoungGen      total 11776K, used 472K [0x00000000d5580000, 0x00000000d6280000, 0x0000000100000000)
  eden space 11264K, 0% used [0x00000000d5580000,0x00000000d5580000,0x00000000d6080000)
  from space 512K, 92% used [0x00000000d6200000,0x00000000d62762e8,0x00000000d6280000)
  to   space 1024K, 0% used [0x00000000d6080000,0x00000000d6080000,0x00000000d6180000)
 ParOldGen       total 97280K, used 96891K [0x0000000080000000, 0x0000000085f00000, 0x00000000d5580000)
  object space 97280K, 99% used [0x0000000080000000,0x0000000085e9eef8,0x0000000085f00000)
 Metaspace       used 72373K, committed 73984K, reserved 1114112K
  class space    used 8438K, committed 9152K, reserved 1048576K
}
Event: 56.706 GC heap before
{Heap before GC invocations=106 (full 3):
 PSYoungGen      total 11776K, used 11736K [0x00000000d5580000, 0x00000000d6280000, 0x0000000100000000)
  eden space 11264K, 100% used [0x00000000d5580000,0x00000000d6080000,0x00000000d6080000)
  from space 512K, 92% used [0x00000000d6200000,0x00000000d62762e8,0x00000000d6280000)
  to   space 1024K, 0% used [0x00000000d6080000,0x00000000d6080000,0x00000000d6180000)
 ParOldGen       total 97280K, used 96891K [0x0000000080000000, 0x0000000085f00000, 0x00000000d5580000)
  object space 97280K, 99% used [0x0000000080000000,0x0000000085e9eef8,0x0000000085f00000)
 Metaspace       used 72768K, committed 74432K, reserved 1114112K
  class space    used 8499K, committed 9216K, reserved 1048576K
}
Event: 56.708 GC heap after
{Heap after GC invocations=106 (full 3):
 PSYoungGen      total 12288K, used 416K [0x00000000d5580000, 0x00000000d6280000, 0x0000000100000000)
  eden space 11264K, 0% used [0x00000000d5580000,0x00000000d5580000,0x00000000d6080000)
  from space 1024K, 40% used [0x00000000d6080000,0x00000000d60e8010,0x00000000d6180000)
  to   space 512K, 0% used [0x00000000d6200000,0x00000000d6200000,0x00000000d6280000)
 ParOldGen       total 97280K, used 97251K [0x0000000080000000, 0x0000000085f00000, 0x00000000d5580000)
  object space 97280K, 99% used [0x0000000080000000,0x0000000085ef8c98,0x0000000085f00000)
 Metaspace       used 72768K, committed 74432K, reserved 1114112K
  class space    used 8499K, committed 9216K, reserved 1048576K
}
Event: 56.870 GC heap before
{Heap before GC invocations=107 (full 3):
 PSYoungGen      total 12288K, used 11680K [0x00000000d5580000, 0x00000000d6280000, 0x0000000100000000)
  eden space 11264K, 100% used [0x00000000d5580000,0x00000000d6080000,0x00000000d6080000)
  from space 1024K, 40% used [0x00000000d6080000,0x00000000d60e8010,0x00000000d6180000)
  to   space 512K, 0% used [0x00000000d6200000,0x00000000d6200000,0x00000000d6280000)
 ParOldGen       total 97280K, used 97251K [0x0000000080000000, 0x0000000085f00000, 0x00000000d5580000)
  object space 97280K, 99% used [0x0000000080000000,0x0000000085ef8c98,0x0000000085f00000)
 Metaspace       used 73350K, committed 75008K, reserved 1179648K
  class space    used 8561K, committed 9280K, reserved 1048576K
}
Event: 56.871 GC heap after
{Heap after GC invocations=107 (full 3):
 PSYoungGen      total 11776K, used 352K [0x00000000d5580000, 0x00000000d6280000, 0x0000000100000000)
  eden space 11264K, 0% used [0x00000000d5580000,0x00000000d5580000,0x00000000d6080000)
  from space 512K, 68% used [0x00000000d6200000,0x00000000d6258010,0x00000000d6280000)
  to   space 512K, 0% used [0x00000000d6180000,0x00000000d6180000,0x00000000d6200000)
 ParOldGen       total 97792K, used 97427K [0x0000000080000000, 0x0000000085f80000, 0x00000000d5580000)
  object space 97792K, 99% used [0x0000000080000000,0x0000000085f24c98,0x0000000085f80000)
 Metaspace       used 73350K, committed 75008K, reserved 1179648K
  class space    used 8561K, committed 9280K, reserved 1048576K
}
Event: 57.062 GC heap before
{Heap before GC invocations=108 (full 3):
 PSYoungGen      total 11776K, used 11616K [0x00000000d5580000, 0x00000000d6280000, 0x0000000100000000)
  eden space 11264K, 100% used [0x00000000d5580000,0x00000000d6080000,0x00000000d6080000)
  from space 512K, 68% used [0x00000000d6200000,0x00000000d6258010,0x00000000d6280000)
  to   space 512K, 0% used [0x00000000d6180000,0x00000000d6180000,0x00000000d6200000)
 ParOldGen       total 97792K, used 97427K [0x0000000080000000, 0x0000000085f80000, 0x00000000d5580000)
  object space 97792K, 99% used [0x0000000080000000,0x0000000085f24c98,0x0000000085f80000)
 Metaspace       used 74212K, committed 75840K, reserved 1179648K
  class space    used 8654K, committed 9344K, reserved 1048576K
}
Event: 57.065 GC heap after
{Heap after GC invocations=108 (full 3):
 PSYoungGen      total 11776K, used 494K [0x00000000d5580000, 0x00000000d6380000, 0x0000000100000000)
  eden space 11264K, 0% used [0x00000000d5580000,0x00000000d5580000,0x00000000d6080000)
  from space 512K, 96% used [0x00000000d6180000,0x00000000d61fba38,0x00000000d6200000)
  to   space 1536K, 0% used [0x00000000d6200000,0x00000000d6200000,0x00000000d6380000)
 ParOldGen       total 98304K, used 97928K [0x0000000080000000, 0x0000000086000000, 0x00000000d5580000)
  object space 98304K, 99% used [0x0000000080000000,0x0000000085fa2278,0x0000000086000000)
 Metaspace       used 74212K, committed 75840K, reserved 1179648K
  class space    used 8654K, committed 9344K, reserved 1048576K
}
Event: 57.657 GC heap before
{Heap before GC invocations=109 (full 3):
 PSYoungGen      total 11776K, used 11758K [0x00000000d5580000, 0x00000000d6380000, 0x0000000100000000)
  eden space 11264K, 100% used [0x00000000d5580000,0x00000000d6080000,0x00000000d6080000)
  from space 512K, 96% used [0x00000000d6180000,0x00000000d61fba38,0x00000000d6200000)
  to   space 1536K, 0% used [0x00000000d6200000,0x00000000d6200000,0x00000000d6380000)
 ParOldGen       total 98304K, used 97928K [0x0000000080000000, 0x0000000086000000, 0x00000000d5580000)
  object space 98304K, 99% used [0x0000000080000000,0x0000000085fa2278,0x0000000086000000)
 Metaspace       used 75204K, committed 76928K, reserved 1179648K
  class space    used 8777K, committed 9536K, reserved 1048576K
}
Event: 57.659 GC heap after
{Heap after GC invocations=109 (full 3):
 PSYoungGen      total 12288K, used 564K [0x00000000d5580000, 0x00000000d6300000, 0x0000000100000000)
  eden space 11264K, 0% used [0x00000000d5580000,0x00000000d5580000,0x00000000d6080000)
  from space 1024K, 55% used [0x00000000d6200000,0x00000000d628d348,0x00000000d6300000)
  to   space 1024K, 0% used [0x00000000d6100000,0x00000000d6100000,0x00000000d6200000)
 ParOldGen       total 98816K, used 98415K [0x0000000080000000, 0x0000000086080000, 0x00000000d5580000)
  object space 98816K, 99% used [0x0000000080000000,0x000000008601bcb0,0x0000000086080000)
 Metaspace       used 75204K, committed 76928K, reserved 1179648K
  class space    used 8777K, committed 9536K, reserved 1048576K
}
Event: 60.211 GC heap before
{Heap before GC invocations=110 (full 3):
 PSYoungGen      total 12288K, used 11828K [0x00000000d5580000, 0x00000000d6300000, 0x0000000100000000)
  eden space 11264K, 100% used [0x00000000d5580000,0x00000000d6080000,0x00000000d6080000)
  from space 1024K, 55% used [0x00000000d6200000,0x00000000d628d348,0x00000000d6300000)
  to   space 1024K, 0% used [0x00000000d6100000,0x00000000d6100000,0x00000000d6200000)
 ParOldGen       total 98816K, used 98415K [0x0000000080000000, 0x0000000086080000, 0x00000000d5580000)
  object space 98816K, 99% used [0x0000000080000000,0x000000008601bcb0,0x0000000086080000)
 Metaspace       used 75435K, committed 77184K, reserved 1179648K
  class space    used 8800K, committed 9600K, reserved 1048576K
}
Event: 60.213 GC heap after
{Heap after GC invocations=110 (full 3):
 PSYoungGen      total 12288K, used 1020K [0x00000000d5580000, 0x00000000d6b80000, 0x0000000100000000)
  eden space 11264K, 0% used [0x00000000d5580000,0x00000000d5580000,0x00000000d6080000)
  from space 1024K, 99% used [0x00000000d6100000,0x00000000d61ff018,0x00000000d6200000)
  to   space 5632K, 0% used [0x00000000d6600000,0x00000000d6600000,0x00000000d6b80000)
 ParOldGen       total 102400K, used 102009K [0x0000000080000000, 0x0000000086400000, 0x00000000d5580000)
  object space 102400K, 99% used [0x0000000080000000,0x000000008639e768,0x0000000086400000)
 Metaspace       used 75435K, committed 77184K, reserved 1179648K
  class space    used 8800K, committed 9600K, reserved 1048576K
}
Event: 61.769 GC heap before
{Heap before GC invocations=111 (full 3):
 PSYoungGen      total 12288K, used 12284K [0x00000000d5580000, 0x00000000d6b80000, 0x0000000100000000)
  eden space 11264K, 100% used [0x00000000d5580000,0x00000000d6080000,0x00000000d6080000)
  from space 1024K, 99% used [0x00000000d6100000,0x00000000d61ff018,0x00000000d6200000)
  to   space 5632K, 0% used [0x00000000d6600000,0x00000000d6600000,0x00000000d6b80000)
 ParOldGen       total 102400K, used 102009K [0x0000000080000000, 0x0000000086400000, 0x00000000d5580000)
  object space 102400K, 99% used [0x0000000080000000,0x000000008639e768,0x0000000086400000)
 Metaspace       used 75678K, committed 77376K, reserved 1179648K
  class space    used 8801K, committed 9600K, reserved 1048576K
}
Event: 61.770 GC heap after
{Heap after GC invocations=111 (full 3):
 PSYoungGen      total 11776K, used 288K [0x00000000d5580000, 0x00000000d6680000, 0x0000000100000000)
  eden space 11264K, 0% used [0x00000000d5580000,0x00000000d5580000,0x00000000d6080000)
  from space 512K, 56% used [0x00000000d6600000,0x00000000d6648000,0x00000000d6680000)
  to   space 2048K, 0% used [0x00000000d6280000,0x00000000d6280000,0x00000000d6480000)
 ParOldGen       total 102400K, used 102121K [0x0000000080000000, 0x0000000086400000, 0x00000000d5580000)
  object space 102400K, 99% used [0x0000000080000000,0x00000000863ba768,0x0000000086400000)
 Metaspace       used 75678K, committed 77376K, reserved 1179648K
  class space    used 8801K, committed 9600K, reserved 1048576K
}

