# JRE version: OpenJDK Runtime Environment Temurin-17.0.19+10 (17.0.19+10) (build 17.0.19+10)
# Java VM: OpenJDK 64-Bit Server VM Temurin-17.0.19+10 (17.0.19+10, mixed mode, sharing, tiered, compressed oops, compressed class ptrs, g1 gc, windows-amd64)
GC Precious Log:
 CPUs: 8 total, 8 available
 Memory: 12022M
 Large Page Support: Disabled
 NUMA Support: Disabled
 Compressed Oops: Enabled (Zero based)
 Heap Region Size: 2M
 Heap Min Capacity: 8M
 Heap Initial Capacity: 188M
 Heap Max Capacity: 4G
 Pre-touch: Disabled
 Parallel Workers: 8
 Concurrent Workers: 2
 Concurrent Refinement Workers: 8
 Periodic GC: Disabled
Heap:
 garbage-first heap   total 192512K, used 84591K [0x0000000700000000, 0x0000000800000000)
  region size 2048K, 2 young (4096K), 2 survivors (4096K)
 Metaspace       used 70494K, committed 71232K, reserved 1114112K
  class space    used 10002K, committed 10368K, reserved 1048576K
GC Heap History (20 events):
Event: 11.505 GC heap after
{Heap after GC invocations=17 (full 0):
 garbage-first heap   total 137216K, used 56041K [0x0000000700000000, 0x0000000800000000)
  region size 2048K, 2 young (4096K), 2 survivors (4096K)
 Metaspace       used 56919K, committed 57536K, reserved 1114112K
  class space    used 8067K, committed 8320K, reserved 1048576K
}
Event: 12.386 GC heap before
{Heap before GC invocations=17 (full 0):
 garbage-first heap   total 137216K, used 111337K [0x0000000700000000, 0x0000000800000000)
  region size 2048K, 27 young (55296K), 2 survivors (4096K)
 Metaspace       used 60257K, committed 60928K, reserved 1114112K
  class space    used 8537K, committed 8832K, reserved 1048576K
}
Event: 12.393 GC heap after
{Heap after GC invocations=18 (full 0):
 garbage-first heap   total 137216K, used 62174K [0x0000000700000000, 0x0000000800000000)
  region size 2048K, 3 young (6144K), 3 survivors (6144K)
 Metaspace       used 60257K, committed 60928K, reserved 1114112K
  class space    used 8537K, committed 8832K, reserved 1048576K
}
Event: 13.228 GC heap before
{Heap before GC invocations=18 (full 0):
 garbage-first heap   total 137216K, used 109278K [0x0000000700000000, 0x0000000800000000)
  region size 2048K, 26 young (53248K), 3 survivors (6144K)
 Metaspace       used 63016K, committed 63616K, reserved 1114112K
  class space    used 8940K, committed 9216K, reserved 1048576K
}
Event: 13.237 GC heap after
{Heap after GC invocations=19 (full 0):
 garbage-first heap   total 137216K, used 65732K [0x0000000700000000, 0x0000000800000000)
  region size 2048K, 4 young (8192K), 4 survivors (8192K)
 Metaspace       used 63016K, committed 63616K, reserved 1114112K
  class space    used 8940K, committed 9216K, reserved 1048576K
}
Event: 13.868 GC heap before
{Heap before GC invocations=19 (full 0):
 garbage-first heap   total 137216K, used 110788K [0x0000000700000000, 0x0000000800000000)
  region size 2048K, 26 young (53248K), 4 survivors (8192K)
 Metaspace       used 65148K, committed 65856K, reserved 1114112K
  class space    used 9225K, committed 9536K, reserved 1048576K
}
Event: 13.880 GC heap after
{Heap after GC invocations=20 (full 0):
 garbage-first heap   total 137216K, used 68942K [0x0000000700000000, 0x0000000800000000)
  region size 2048K, 4 young (8192K), 4 survivors (8192K)
 Metaspace       used 65148K, committed 65856K, reserved 1114112K
  class space    used 9225K, committed 9536K, reserved 1048576K
}
Event: 14.795 GC heap before
{Heap before GC invocations=20 (full 0):
 garbage-first heap   total 137216K, used 107854K [0x0000000700000000, 0x0000000800000000)
  region size 2048K, 23 young (47104K), 4 survivors (8192K)
 Metaspace       used 68251K, committed 68992K, reserved 1114112K
  class space    used 9756K, committed 10112K, reserved 1048576K
}
Event: 14.805 GC heap after
{Heap after GC invocations=21 (full 0):
 garbage-first heap   total 165888K, used 71821K [0x0000000700000000, 0x0000000800000000)
  region size 2048K, 2 young (4096K), 2 survivors (4096K)
 Metaspace       used 68251K, committed 68992K, reserved 1114112K
  class space    used 9756K, committed 10112K, reserved 1048576K
}
Event: 15.678 GC heap before
{Heap before GC invocations=22 (full 0):
 garbage-first heap   total 165888K, used 131213K [0x0000000700000000, 0x0000000800000000)
  region size 2048K, 31 young (63488K), 2 survivors (4096K)
 Metaspace       used 69477K, committed 70208K, reserved 1114112K
  class space    used 9905K, committed 10240K, reserved 1048576K
}
Event: 15.687 GC heap after
{Heap after GC invocations=23 (full 0):
 garbage-first heap   total 165888K, used 77718K [0x0000000700000000, 0x0000000800000000)
  region size 2048K, 4 young (8192K), 4 survivors (8192K)
 Metaspace       used 69477K, committed 70208K, reserved 1114112K
  class space    used 9905K, committed 10240K, reserved 1048576K
}
Event: 15.935 GC heap before
{Heap before GC invocations=23 (full 0):
 garbage-first heap   total 165888K, used 130966K [0x0000000700000000, 0x0000000800000000)
  region size 2048K, 30 young (61440K), 4 survivors (8192K)
 Metaspace       used 69682K, committed 70400K, reserved 1114112K
  class space    used 9907K, committed 10240K, reserved 1048576K
}
Event: 15.946 GC heap after
{Heap after GC invocations=24 (full 0):
 garbage-first heap   total 165888K, used 79906K [0x0000000700000000, 0x0000000800000000)
  region size 2048K, 2 young (4096K), 2 survivors (4096K)
 Metaspace       used 69682K, committed 70400K, reserved 1114112K
  class space    used 9907K, committed 10240K, reserved 1048576K
}
Event: 16.096 GC heap before
{Heap before GC invocations=24 (full 0):
 garbage-first heap   total 165888K, used 133154K [0x0000000700000000, 0x0000000800000000)
  region size 2048K, 28 young (57344K), 2 survivors (4096K)
 Metaspace       used 69697K, committed 70400K, reserved 1114112K
  class space    used 9907K, committed 10240K, reserved 1048576K
}
Event: 16.101 GC heap after
{Heap after GC invocations=25 (full 0):
 garbage-first heap   total 165888K, used 80865K [0x0000000700000000, 0x0000000800000000)
  region size 2048K, 3 young (6144K), 3 survivors (6144K)
 Metaspace       used 69697K, committed 70400K, reserved 1114112K
  class space    used 9907K, committed 10240K, reserved 1048576K
}
Event: 16.441 GC heap before
{Heap before GC invocations=26 (full 0):
 garbage-first heap   total 182272K, used 130017K [0x0000000700000000, 0x0000000800000000)
  region size 2048K, 28 young (57344K), 3 survivors (6144K)
 Metaspace       used 70355K, committed 71104K, reserved 1114112K
  class space    used 9987K, committed 10368K, reserved 1048576K
}
Event: 16.449 GC heap after
{Heap after GC invocations=27 (full 0):
 garbage-first heap   total 182272K, used 83204K [0x0000000700000000, 0x0000000800000000)
  region size 2048K, 3 young (6144K), 3 survivors (6144K)
 Metaspace       used 70355K, committed 71104K, reserved 1114112K
  class space    used 9987K, committed 10368K, reserved 1048576K
}
Event: 16.482 GC heap before
{Heap before GC invocations=27 (full 0):
 garbage-first heap   total 182272K, used 83204K [0x0000000700000000, 0x0000000800000000)
  region size 2048K, 4 young (8192K), 3 survivors (6144K)
 Metaspace       used 70494K, committed 71232K, reserved 1114112K
  class space    used 10002K, committed 10368K, reserved 1048576K
}
Event: 16.489 GC heap after
{Heap after GC invocations=28 (full 0):
 garbage-first heap   total 182272K, used 83181K [0x0000000700000000, 0x0000000800000000)
  region size 2048K, 1 young (2048K), 1 survivors (2048K)
 Metaspace       used 70494K, committed 71232K, reserved 1114112K
  class space    used 10002K, committed 10368K, reserved 1048576K
}
Event: 16.529 GC heap before
{Heap before GC invocations=28 (full 0):
 garbage-first heap   total 182272K, used 85229K [0x0000000700000000, 0x0000000800000000)
  region size 2048K, 3 young (6144K), 1 survivors (2048K)
 Metaspace       used 70494K, committed 71232K, reserved 1114112K
  class space    used 10002K, committed 10368K, reserved 1048576K
}

