# JRE version: OpenJDK Runtime Environment Temurin-17.0.19+10 (17.0.19+10) (build 17.0.19+10)
# Java VM: OpenJDK 64-Bit Server VM Temurin-17.0.19+10 (17.0.19+10, mixed mode, sharing, tiered, compressed oops, compressed class ptrs, g1 gc, windows-amd64)
GC Precious Log:
 CPUs: 8 total, 8 available
 Memory: 12022M
 Large Page Support: Disabled
 NUMA Support: Disabled
 Compressed Oops: Enabled (Zero based)
 Heap Region Size: 2M
 Heap Min Capacity: 8M
 Heap Initial Capacity: 188M
 Heap Max Capacity: 4G
 Pre-touch: Disabled
 Parallel Workers: 8
 Concurrent Workers: 2
 Concurrent Refinement Workers: 8
 Periodic GC: Disabled
Heap:
 garbage-first heap   total 301056K, used 179977K [0x0000000700000000, 0x0000000800000000)
  region size 2048K, 34 young (69632K), 7 survivors (14336K)
 Metaspace       used 99213K, committed 100160K, reserved 1179648K
  class space    used 13814K, committed 14208K, reserved 1048576K
GC Heap History (20 events):
Event: 29.652 GC heap before
{Heap before GC invocations=40 (full 0):
 garbage-first heap   total 147456K, used 104448K [0x0000000700000000, 0x0000000800000000)
  region size 2048K, 17 young (34816K), 3 survivors (6144K)
 Metaspace       used 69847K, committed 70592K, reserved 1114112K
  class space    used 9904K, committed 10240K, reserved 1048576K
}
Event: 29.660 GC heap after
{Heap after GC invocations=41 (full 0):
 garbage-first heap   total 147456K, used 78829K [0x0000000700000000, 0x0000000800000000)
  region size 2048K, 2 young (4096K), 2 survivors (4096K)
 Metaspace       used 69847K, committed 70592K, reserved 1114112K
  class space    used 9904K, committed 10240K, reserved 1048576K
}
Event: 29.867 GC heap before
{Heap before GC invocations=41 (full 0):
 garbage-first heap   total 147456K, used 115693K [0x0000000700000000, 0x0000000800000000)
  region size 2048K, 21 young (43008K), 2 survivors (4096K)
 Metaspace       used 69893K, committed 70592K, reserved 1114112K
  class space    used 9905K, committed 10240K, reserved 1048576K
}
Event: 29.872 GC heap after
{Heap after GC invocations=42 (full 0):
 garbage-first heap   total 147456K, used 79809K [0x0000000700000000, 0x0000000800000000)
  region size 2048K, 2 young (4096K), 2 survivors (4096K)
 Metaspace       used 69893K, committed 70592K, reserved 1114112K
  class space    used 9905K, committed 10240K, reserved 1048576K
}
Event: 30.114 GC heap before
{Heap before GC invocations=43 (full 0):
 garbage-first heap   total 163840K, used 118721K [0x0000000700000000, 0x0000000800000000)
  region size 2048K, 21 young (43008K), 2 survivors (4096K)
 Metaspace       used 69897K, committed 70592K, reserved 1114112K
  class space    used 9905K, committed 10240K, reserved 1048576K
}
Event: 30.120 GC heap after
{Heap after GC invocations=44 (full 0):
 garbage-first heap   total 163840K, used 80944K [0x0000000700000000, 0x0000000800000000)
  region size 2048K, 3 young (6144K), 3 survivors (6144K)
 Metaspace       used 69897K, committed 70592K, reserved 1114112K
  class space    used 9905K, committed 10240K, reserved 1048576K
}
Event: 30.127 GC heap before
{Heap before GC invocations=44 (full 0):
 garbage-first heap   total 163840K, used 82992K [0x0000000700000000, 0x0000000800000000)
  region size 2048K, 4 young (8192K), 3 survivors (6144K)
 Metaspace       used 69897K, committed 70592K, reserved 1114112K
  class space    used 9905K, committed 10240K, reserved 1048576K
}
Event: 30.131 GC heap after
{Heap after GC invocations=45 (full 0):
 garbage-first heap   total 163840K, used 79144K [0x0000000700000000, 0x0000000800000000)
  region size 2048K, 1 young (2048K), 1 survivors (2048K)
 Metaspace       used 69897K, committed 70592K, reserved 1114112K
  class space    used 9905K, committed 10240K, reserved 1048576K
}
Event: 30.499 GC heap before
{Heap before GC invocations=45 (full 0):
 garbage-first heap   total 163840K, used 130344K [0x0000000700000000, 0x0000000800000000)
  region size 2048K, 27 young (55296K), 1 survivors (2048K)
 Metaspace       used 70185K, committed 70912K, reserved 1114112K
  class space    used 9939K, committed 10304K, reserved 1048576K
}
Event: 30.507 GC heap after
{Heap after GC invocations=46 (full 0):
 garbage-first heap   total 337920K, used 82501K [0x0000000700000000, 0x0000000800000000)
  region size 2048K, 3 young (6144K), 3 survivors (6144K)
 Metaspace       used 70185K, committed 70912K, reserved 1114112K
  class space    used 9939K, committed 10304K, reserved 1048576K
}
Event: 34.099 GC heap before
{Heap before GC invocations=47 (full 0):
 garbage-first heap   total 301056K, used 258629K [0x0000000700000000, 0x0000000800000000)
  region size 2048K, 88 young (180224K), 3 survivors (6144K)
 Metaspace       used 81191K, committed 81984K, reserved 1179648K
  class space    used 11232K, committed 11584K, reserved 1048576K
}
Event: 34.112 GC heap after
{Heap after GC invocations=48 (full 0):
 garbage-first heap   total 301056K, used 108539K [0x0000000700000000, 0x0000000800000000)
  region size 2048K, 11 young (22528K), 11 survivors (22528K)
 Metaspace       used 81191K, committed 81984K, reserved 1179648K
  class space    used 11232K, committed 11584K, reserved 1048576K
}
Event: 34.145 GC heap before
{Heap before GC invocations=48 (full 0):
 garbage-first heap   total 301056K, used 110587K [0x0000000700000000, 0x0000000800000000)
  region size 2048K, 12 young (24576K), 11 survivors (22528K)
 Metaspace       used 81329K, committed 82176K, reserved 1179648K
  class space    used 11261K, committed 11648K, reserved 1048576K
}
Event: 34.153 GC heap after
{Heap after GC invocations=49 (full 0):
 garbage-first heap   total 301056K, used 110005K [0x0000000700000000, 0x0000000800000000)
  region size 2048K, 1 young (2048K), 1 survivors (2048K)
 Metaspace       used 81329K, committed 82176K, reserved 1179648K
  class space    used 11261K, committed 11648K, reserved 1048576K
}
Event: 36.476 GC heap before
{Heap before GC invocations=49 (full 0):
 garbage-first heap   total 301056K, used 239029K [0x0000000700000000, 0x0000000800000000)
  region size 2048K, 64 young (131072K), 1 survivors (2048K)
 Metaspace       used 87884K, committed 88704K, reserved 1179648K
  class space    used 12147K, committed 12544K, reserved 1048576K
}
Event: 36.483 GC heap after
{Heap after GC invocations=50 (full 0):
 garbage-first heap   total 301056K, used 115636K [0x0000000700000000, 0x0000000800000000)
  region size 2048K, 4 young (8192K), 4 survivors (8192K)
 Metaspace       used 87884K, committed 88704K, reserved 1179648K
  class space    used 12147K, committed 12544K, reserved 1048576K
}
Event: 39.105 GC heap before
{Heap before GC invocations=50 (full 0):
 garbage-first heap   total 301056K, used 242612K [0x0000000700000000, 0x0000000800000000)
  region size 2048K, 66 young (135168K), 4 survivors (8192K)
 Metaspace       used 96776K, committed 97600K, reserved 1179648K
  class space    used 13502K, committed 13888K, reserved 1048576K
}
Event: 39.116 GC heap after
{Heap after GC invocations=51 (full 0):
 garbage-first heap   total 301056K, used 120156K [0x0000000700000000, 0x0000000800000000)
  region size 2048K, 6 young (12288K), 6 survivors (12288K)
 Metaspace       used 96776K, committed 97600K, reserved 1179648K
  class space    used 13502K, committed 13888K, reserved 1048576K
}
Event: 41.829 GC heap before
{Heap before GC invocations=51 (full 0):
 garbage-first heap   total 301056K, used 247132K [0x0000000700000000, 0x0000000800000000)
  region size 2048K, 68 young (139264K), 6 survivors (12288K)
 Metaspace       used 99054K, committed 99968K, reserved 1179648K
  class space    used 13789K, committed 14208K, reserved 1048576K
}
Event: 41.846 GC heap after
{Heap after GC invocations=52 (full 0):
 garbage-first heap   total 301056K, used 126729K [0x0000000700000000, 0x0000000800000000)
  region size 2048K, 7 young (14336K), 7 survivors (14336K)
 Metaspace       used 99054K, committed 99968K, reserved 1179648K
  class space    used 13789K, committed 14208K, reserved 1048576K
}

